[2025-11-03 15:04:29] INFO: Starting backup of /c/Users/Dell/Documents
[2025-11-03 15:04:30] SUCCESS: Backup created: /c/Users/Dell/Desktop/bash practice/backups/backup-2025-11-03-1504.tar.gz
[2025-11-03 15:04:30] INFO: Checksum saved: /c/Users/Dell/Desktop/bash practice/backups/backup-2025-11-03-1504.tar.gz.md5
[2025-11-03 15:04:30] SUCCESS: Checksum verified successfully.
[2025-11-03 15:04:30] INFO: Applying backup rotation policy...
[2025-11-03 15:04:41] INFO: Dry run mode enabled
[2025-11-03 15:04:41] INFO: Would backup folder: /c/Users/Dell/Documents
[2025-11-03 15:04:41] INFO: Would save backup to: /c/Users/Dell/Desktop/bash practice/backups
[2025-11-03 15:04:41] INFO: Would skip patterns: .git,node_modules,.cache
[2025-11-03 15:07:22] INFO: Starting backup of /c/Users/Dell/Desktop/test_backup/data
[2025-11-03 15:07:23] SUCCESS: Backup created: /c/Users/Dell/Desktop/bash practice/backups/backup-2025-11-03-1507.tar.gz
[2025-11-03 15:07:23] INFO: Checksum saved: /c/Users/Dell/Desktop/bash practice/backups/backup-2025-11-03-1507.tar.gz.md5
[2025-11-03 15:07:23] SUCCESS: Checksum verified successfully.
[2025-11-03 15:07:23] INFO: Applying backup rotation policy...
[2025-11-03 15:07:53] INFO: Starting backup of /c/Users/Dell/Desktop/test_backup/data
[2025-11-03 15:07:53] SUCCESS: Backup created: /c/Users/Dell/Desktop/bash practice/backups/backup-2025-11-03-1507.tar.gz
[2025-11-03 15:07:53] INFO: Checksum saved: /c/Users/Dell/Desktop/bash practice/backups/backup-2025-11-03-1507.tar.gz.md5
[2025-11-03 15:07:53] SUCCESS: Checksum verified successfully.
[2025-11-03 15:07:53] INFO: Applying backup rotation policy...
[2025-11-03 15:08:13] INFO: Dry run mode enabled
[2025-11-03 15:08:13] INFO: Would backup folder: /c/Users/Dell/Desktop/test_backup/data
[2025-11-03 15:08:13] INFO: Would save backup to: /c/Users/Dell/Desktop/bash practice/backups
[2025-11-03 15:08:13] INFO: Would skip patterns: .git,node_modules,.cache
[2025-11-03 15:08:25] ERROR: Source folder not found: /c/Users/Dell/Desktop/wrong_path
